\BOOKMARK [0][-]{chapter*.1}{1. Indledning}{}% 1
\BOOKMARK [0][-]{chapter*.2}{2. Use Case Diagram}{}% 2
\BOOKMARK [0][-]{chapter*.3}{3. Outsorcing proces}{}% 3
\BOOKMARK [0][-]{chapter*.7}{4. Scrum plan}{}% 4
\BOOKMARK [1][-]{section*.8}{4.1 Scrum plan}{chapter*.7}% 5
\BOOKMARK [1][-]{section*.9}{4.2 Scrum proces}{chapter*.7}% 6
\BOOKMARK [0][-]{chapter*.10}{5. XP plan}{}% 7
\BOOKMARK [1][-]{section*.11}{5.1 XP plan}{chapter*.10}% 8
\BOOKMARK [1][-]{section*.12}{5.2 XP proces}{chapter*.10}% 9
\BOOKMARK [0][-]{chapter*.13}{6. Reflektion over processen}{}% 10
\BOOKMARK [0][-]{chapter*.14}{7. Systemudviklingsmodel og metode}{}% 11
\BOOKMARK [0][-]{chapter*.15}{8. Konklusion}{}% 12
\BOOKMARK [0][-]{chapter*.16}{9. Bilag}{}% 13
\BOOKMARK [1][-]{section*.17}{9.1 Bilag 1\) Fully dressed use case }{chapter*.16}% 14
\BOOKMARK [1][-]{section*.18}{9.2 Bilag 2\) Prototype af webdesign}{chapter*.16}% 15
\BOOKMARK [1][-]{section*.19}{9.3 Bilag 3\) Outsorce Korrespondance af webdesign}{chapter*.16}% 16
\BOOKMARK [1][-]{section*.20}{9.4 Bilag 4\) Outsorce Korrespondance af 404 side}{chapter*.16}% 17
\BOOKMARK [1][-]{section*.21}{9.5 Bilag 5\) Outsorce Korrespondance af Favicon}{chapter*.16}% 18
\BOOKMARK [1][-]{section*.22}{9.6 Bilag 6\) Retrospective Meetings}{chapter*.16}% 19
\BOOKMARK [1][-]{section*.23}{9.7 Bilag 7\) User stories}{chapter*.16}% 20
